2022-12-07 08:06:49.677 AM ERROR  [main] corebackend.common.LoggerService :? ====== Generate log is error, PID :9fc588952fdd4a42a08ea92c7ae215a2 , ErrorMessage : No thread-bound request found: Are you referring to request attributes outside of an actual web request, or processing a request outside of the originally receiving thread? If you are actually operating within a web request and still receive this message, your code is probably running outside of DispatcherServlet/DispatcherPortlet: In this case, use RequestContextListener or RequestContextFilter to expose the current request. 
2022-12-07 08:06:50.851 AM ERROR  [main] corebackend.common.LoggerService :? ====== Generate log is error, PID :99a3619335054f2bbb5f99e26dddb4f1 , ErrorMessage : No thread-bound request found: Are you referring to request attributes outside of an actual web request, or processing a request outside of the originally receiving thread? If you are actually operating within a web request and still receive this message, your code is probably running outside of DispatcherServlet/DispatcherPortlet: In this case, use RequestContextListener or RequestContextFilter to expose the current request. 
2022-12-07 08:06:50.853 AM ERROR  [main] corebackend.common.LoggerService :? ====== Generate log is error, PID :5a7830ee51b4408ab8e953f8cc4a42bf , ErrorMessage : No thread-bound request found: Are you referring to request attributes outside of an actual web request, or processing a request outside of the originally receiving thread? If you are actually operating within a web request and still receive this message, your code is probably running outside of DispatcherServlet/DispatcherPortlet: In this case, use RequestContextListener or RequestContextFilter to expose the current request. 
2022-12-07 08:06:51.539 AM ERROR  [main] corebackend.common.LoggerService :? ====== Generate log is error, PID :492789058a1d45b79c0407a11cda4161 , ErrorMessage : No thread-bound request found: Are you referring to request attributes outside of an actual web request, or processing a request outside of the originally receiving thread? If you are actually operating within a web request and still receive this message, your code is probably running outside of DispatcherServlet/DispatcherPortlet: In this case, use RequestContextListener or RequestContextFilter to expose the current request. 
2022-12-07 08:06:51.542 AM ERROR  [main] corebackend.common.LoggerService :? ====== Generate log is error, PID :9872b473e1104378867be276792d1c7e , ErrorMessage : No thread-bound request found: Are you referring to request attributes outside of an actual web request, or processing a request outside of the originally receiving thread? If you are actually operating within a web request and still receive this message, your code is probably running outside of DispatcherServlet/DispatcherPortlet: In this case, use RequestContextListener or RequestContextFilter to expose the current request. 
2022-12-07 08:06:51.699 AM ERROR  [main] corebackend.common.LoggerService :? ====== Generate log is error, PID :ac3d5df5ff354bac8c27fee062bf75f0 , ErrorMessage : No thread-bound request found: Are you referring to request attributes outside of an actual web request, or processing a request outside of the originally receiving thread? If you are actually operating within a web request and still receive this message, your code is probably running outside of DispatcherServlet/DispatcherPortlet: In this case, use RequestContextListener or RequestContextFilter to expose the current request. 
2022-12-07 08:06:51.801 AM ERROR  [main] corebackend.common.LoggerService :? ====== Generate log is error, PID :060f469c13f44a22a4a779cd875cf1d1 , ErrorMessage : No thread-bound request found: Are you referring to request attributes outside of an actual web request, or processing a request outside of the originally receiving thread? If you are actually operating within a web request and still receive this message, your code is probably running outside of DispatcherServlet/DispatcherPortlet: In this case, use RequestContextListener or RequestContextFilter to expose the current request. 
2022-12-07 08:06:52.000 AM ERROR  [main] corebackend.common.LoggerService :? ====== Generate log is error, PID :627eb696896a4217898217b617b2c512 , ErrorMessage : No thread-bound request found: Are you referring to request attributes outside of an actual web request, or processing a request outside of the originally receiving thread? If you are actually operating within a web request and still receive this message, your code is probably running outside of DispatcherServlet/DispatcherPortlet: In this case, use RequestContextListener or RequestContextFilter to expose the current request. 
2022-12-07 08:46:28.803 AM ERROR  [main] corebackend.common.LoggerService :? ====== Generate log is error, PID :e1280a00eede4a9cabd3adfb789ba8a5 , ErrorMessage : No thread-bound request found: Are you referring to request attributes outside of an actual web request, or processing a request outside of the originally receiving thread? If you are actually operating within a web request and still receive this message, your code is probably running outside of DispatcherServlet/DispatcherPortlet: In this case, use RequestContextListener or RequestContextFilter to expose the current request. 
2022-12-07 08:46:29.970 AM ERROR  [main] corebackend.common.LoggerService :? ====== Generate log is error, PID :04c8defc296c4f9087a8b3253da9d7a6 , ErrorMessage : No thread-bound request found: Are you referring to request attributes outside of an actual web request, or processing a request outside of the originally receiving thread? If you are actually operating within a web request and still receive this message, your code is probably running outside of DispatcherServlet/DispatcherPortlet: In this case, use RequestContextListener or RequestContextFilter to expose the current request. 
2022-12-07 08:46:29.973 AM ERROR  [main] corebackend.common.LoggerService :? ====== Generate log is error, PID :8ffe1b7f01564ae19fdc33c6374a3353 , ErrorMessage : No thread-bound request found: Are you referring to request attributes outside of an actual web request, or processing a request outside of the originally receiving thread? If you are actually operating within a web request and still receive this message, your code is probably running outside of DispatcherServlet/DispatcherPortlet: In this case, use RequestContextListener or RequestContextFilter to expose the current request. 
2022-12-07 08:46:30.424 AM ERROR  [main] corebackend.common.LoggerService :? ====== Generate log is error, PID :ef7b0bfd32f44c719e0a3ab532b256bb , ErrorMessage : No thread-bound request found: Are you referring to request attributes outside of an actual web request, or processing a request outside of the originally receiving thread? If you are actually operating within a web request and still receive this message, your code is probably running outside of DispatcherServlet/DispatcherPortlet: In this case, use RequestContextListener or RequestContextFilter to expose the current request. 
2022-12-07 08:46:30.426 AM ERROR  [main] corebackend.common.LoggerService :? ====== Generate log is error, PID :a03deaa5c0c04bb1a422c70e1f796f8b , ErrorMessage : No thread-bound request found: Are you referring to request attributes outside of an actual web request, or processing a request outside of the originally receiving thread? If you are actually operating within a web request and still receive this message, your code is probably running outside of DispatcherServlet/DispatcherPortlet: In this case, use RequestContextListener or RequestContextFilter to expose the current request. 
2022-12-07 08:46:30.569 AM ERROR  [main] corebackend.common.LoggerService :? ====== Generate log is error, PID :4902925ad02b4cd99a1e6149585482d6 , ErrorMessage : No thread-bound request found: Are you referring to request attributes outside of an actual web request, or processing a request outside of the originally receiving thread? If you are actually operating within a web request and still receive this message, your code is probably running outside of DispatcherServlet/DispatcherPortlet: In this case, use RequestContextListener or RequestContextFilter to expose the current request. 
2022-12-07 08:46:30.608 AM ERROR  [main] corebackend.common.LoggerService :? ====== Generate log is error, PID :804759f080a64423a20d67954a5ce55e , ErrorMessage : No thread-bound request found: Are you referring to request attributes outside of an actual web request, or processing a request outside of the originally receiving thread? If you are actually operating within a web request and still receive this message, your code is probably running outside of DispatcherServlet/DispatcherPortlet: In this case, use RequestContextListener or RequestContextFilter to expose the current request. 
2022-12-07 08:46:30.763 AM ERROR  [main] corebackend.common.LoggerService :? ====== Generate log is error, PID :eae825afaffd465697d8e532967dbbba , ErrorMessage : No thread-bound request found: Are you referring to request attributes outside of an actual web request, or processing a request outside of the originally receiving thread? If you are actually operating within a web request and still receive this message, your code is probably running outside of DispatcherServlet/DispatcherPortlet: In this case, use RequestContextListener or RequestContextFilter to expose the current request. 
2022-12-07 13:41:53.484 PM ERROR  [main] corebackend.common.LoggerService :? ====== Generate log is error, PID :938aba0a94c14b16904dce9e58a5c71a , ErrorMessage : No thread-bound request found: Are you referring to request attributes outside of an actual web request, or processing a request outside of the originally receiving thread? If you are actually operating within a web request and still receive this message, your code is probably running outside of DispatcherServlet/DispatcherPortlet: In this case, use RequestContextListener or RequestContextFilter to expose the current request. 
2022-12-07 13:41:54.663 PM ERROR  [main] corebackend.common.LoggerService :? ====== Generate log is error, PID :85704f08c6be4d2da3bfdc05d6c77271 , ErrorMessage : No thread-bound request found: Are you referring to request attributes outside of an actual web request, or processing a request outside of the originally receiving thread? If you are actually operating within a web request and still receive this message, your code is probably running outside of DispatcherServlet/DispatcherPortlet: In this case, use RequestContextListener or RequestContextFilter to expose the current request. 
2022-12-07 13:41:54.665 PM ERROR  [main] corebackend.common.LoggerService :? ====== Generate log is error, PID :b9d1daec17e34641ace4d5eb0158ce44 , ErrorMessage : No thread-bound request found: Are you referring to request attributes outside of an actual web request, or processing a request outside of the originally receiving thread? If you are actually operating within a web request and still receive this message, your code is probably running outside of DispatcherServlet/DispatcherPortlet: In this case, use RequestContextListener or RequestContextFilter to expose the current request. 
2022-12-07 13:41:55.273 PM ERROR  [main] corebackend.common.LoggerService :? ====== Generate log is error, PID :850bdbfc6d1645f6866fddc57d0734ea , ErrorMessage : No thread-bound request found: Are you referring to request attributes outside of an actual web request, or processing a request outside of the originally receiving thread? If you are actually operating within a web request and still receive this message, your code is probably running outside of DispatcherServlet/DispatcherPortlet: In this case, use RequestContextListener or RequestContextFilter to expose the current request. 
2022-12-07 13:41:55.276 PM ERROR  [main] corebackend.common.LoggerService :? ====== Generate log is error, PID :43133a02fe414295ae4058e8272a6a4d , ErrorMessage : No thread-bound request found: Are you referring to request attributes outside of an actual web request, or processing a request outside of the originally receiving thread? If you are actually operating within a web request and still receive this message, your code is probably running outside of DispatcherServlet/DispatcherPortlet: In this case, use RequestContextListener or RequestContextFilter to expose the current request. 
2022-12-07 13:41:55.429 PM ERROR  [main] corebackend.common.LoggerService :? ====== Generate log is error, PID :9d720c9c9a864b3388fd9e77bf8088b8 , ErrorMessage : No thread-bound request found: Are you referring to request attributes outside of an actual web request, or processing a request outside of the originally receiving thread? If you are actually operating within a web request and still receive this message, your code is probably running outside of DispatcherServlet/DispatcherPortlet: In this case, use RequestContextListener or RequestContextFilter to expose the current request. 
2022-12-07 13:41:55.483 PM ERROR  [main] corebackend.common.LoggerService :? ====== Generate log is error, PID :c0e7a32f2b1f4f2490d58927c3b9d644 , ErrorMessage : No thread-bound request found: Are you referring to request attributes outside of an actual web request, or processing a request outside of the originally receiving thread? If you are actually operating within a web request and still receive this message, your code is probably running outside of DispatcherServlet/DispatcherPortlet: In this case, use RequestContextListener or RequestContextFilter to expose the current request. 
2022-12-07 13:41:55.673 PM ERROR  [main] corebackend.common.LoggerService :? ====== Generate log is error, PID :278b2745908e4ed79825a71a4e7a67ee , ErrorMessage : No thread-bound request found: Are you referring to request attributes outside of an actual web request, or processing a request outside of the originally receiving thread? If you are actually operating within a web request and still receive this message, your code is probably running outside of DispatcherServlet/DispatcherPortlet: In this case, use RequestContextListener or RequestContextFilter to expose the current request. 
2022-12-07 14:35:22.373 PM ERROR  [main] corebackend.common.LoggerService :? ====== Generate log is error, PID :b7ec0b88e00d4c7e84ad7849064d3a50 , ErrorMessage : No thread-bound request found: Are you referring to request attributes outside of an actual web request, or processing a request outside of the originally receiving thread? If you are actually operating within a web request and still receive this message, your code is probably running outside of DispatcherServlet/DispatcherPortlet: In this case, use RequestContextListener or RequestContextFilter to expose the current request. 
2022-12-07 14:35:23.556 PM ERROR  [main] corebackend.common.LoggerService :? ====== Generate log is error, PID :97045a76a1a54140b6e1ede9a26deffb , ErrorMessage : No thread-bound request found: Are you referring to request attributes outside of an actual web request, or processing a request outside of the originally receiving thread? If you are actually operating within a web request and still receive this message, your code is probably running outside of DispatcherServlet/DispatcherPortlet: In this case, use RequestContextListener or RequestContextFilter to expose the current request. 
2022-12-07 14:35:23.559 PM ERROR  [main] corebackend.common.LoggerService :? ====== Generate log is error, PID :7afdedd215604766a93a24ac3e31d78a , ErrorMessage : No thread-bound request found: Are you referring to request attributes outside of an actual web request, or processing a request outside of the originally receiving thread? If you are actually operating within a web request and still receive this message, your code is probably running outside of DispatcherServlet/DispatcherPortlet: In this case, use RequestContextListener or RequestContextFilter to expose the current request. 
2022-12-07 14:35:24.093 PM ERROR  [main] corebackend.common.LoggerService :? ====== Generate log is error, PID :d6c4ba334c78445fb011d674ed1a49a9 , ErrorMessage : No thread-bound request found: Are you referring to request attributes outside of an actual web request, or processing a request outside of the originally receiving thread? If you are actually operating within a web request and still receive this message, your code is probably running outside of DispatcherServlet/DispatcherPortlet: In this case, use RequestContextListener or RequestContextFilter to expose the current request. 
2022-12-07 14:35:24.095 PM ERROR  [main] corebackend.common.LoggerService :? ====== Generate log is error, PID :fe861007478a42b7b99d51e07ac46b49 , ErrorMessage : No thread-bound request found: Are you referring to request attributes outside of an actual web request, or processing a request outside of the originally receiving thread? If you are actually operating within a web request and still receive this message, your code is probably running outside of DispatcherServlet/DispatcherPortlet: In this case, use RequestContextListener or RequestContextFilter to expose the current request. 
2022-12-07 14:35:24.230 PM ERROR  [main] corebackend.common.LoggerService :? ====== Generate log is error, PID :e0d4f74a5b9a4a228af705e58fb3b773 , ErrorMessage : No thread-bound request found: Are you referring to request attributes outside of an actual web request, or processing a request outside of the originally receiving thread? If you are actually operating within a web request and still receive this message, your code is probably running outside of DispatcherServlet/DispatcherPortlet: In this case, use RequestContextListener or RequestContextFilter to expose the current request. 
2022-12-07 14:35:24.293 PM ERROR  [main] corebackend.common.LoggerService :? ====== Generate log is error, PID :216491c152dc499db04a55a3f5acccce , ErrorMessage : No thread-bound request found: Are you referring to request attributes outside of an actual web request, or processing a request outside of the originally receiving thread? If you are actually operating within a web request and still receive this message, your code is probably running outside of DispatcherServlet/DispatcherPortlet: In this case, use RequestContextListener or RequestContextFilter to expose the current request. 
2022-12-07 14:35:24.506 PM ERROR  [main] corebackend.common.LoggerService :? ====== Generate log is error, PID :779fc2309ec345e39a1f65733068c4eb , ErrorMessage : No thread-bound request found: Are you referring to request attributes outside of an actual web request, or processing a request outside of the originally receiving thread? If you are actually operating within a web request and still receive this message, your code is probably running outside of DispatcherServlet/DispatcherPortlet: In this case, use RequestContextListener or RequestContextFilter to expose the current request. 
2022-12-07 14:57:56.859 PM ERROR  [main] corebackend.common.LoggerService :? ====== Generate log is error, PID :53d4b00ace124e509a67602d289277e9 , ErrorMessage : No thread-bound request found: Are you referring to request attributes outside of an actual web request, or processing a request outside of the originally receiving thread? If you are actually operating within a web request and still receive this message, your code is probably running outside of DispatcherServlet/DispatcherPortlet: In this case, use RequestContextListener or RequestContextFilter to expose the current request. 
2022-12-07 14:57:57.727 PM ERROR  [main] corebackend.common.LoggerService :? ====== Generate log is error, PID :e84fc2e5c7e4410cba82ba1376753578 , ErrorMessage : No thread-bound request found: Are you referring to request attributes outside of an actual web request, or processing a request outside of the originally receiving thread? If you are actually operating within a web request and still receive this message, your code is probably running outside of DispatcherServlet/DispatcherPortlet: In this case, use RequestContextListener or RequestContextFilter to expose the current request. 
2022-12-07 14:57:57.728 PM ERROR  [main] corebackend.common.LoggerService :? ====== Generate log is error, PID :91a812b88772417ca4a87483855c918b , ErrorMessage : No thread-bound request found: Are you referring to request attributes outside of an actual web request, or processing a request outside of the originally receiving thread? If you are actually operating within a web request and still receive this message, your code is probably running outside of DispatcherServlet/DispatcherPortlet: In this case, use RequestContextListener or RequestContextFilter to expose the current request. 
2022-12-07 14:57:58.048 PM ERROR  [main] corebackend.common.LoggerService :? ====== Generate log is error, PID :873c6fb97bb543cc9f098473cbad2b10 , ErrorMessage : No thread-bound request found: Are you referring to request attributes outside of an actual web request, or processing a request outside of the originally receiving thread? If you are actually operating within a web request and still receive this message, your code is probably running outside of DispatcherServlet/DispatcherPortlet: In this case, use RequestContextListener or RequestContextFilter to expose the current request. 
2022-12-07 14:57:58.050 PM ERROR  [main] corebackend.common.LoggerService :? ====== Generate log is error, PID :e43ffebbfa6c4cabb9a225b9d7bc1b78 , ErrorMessage : No thread-bound request found: Are you referring to request attributes outside of an actual web request, or processing a request outside of the originally receiving thread? If you are actually operating within a web request and still receive this message, your code is probably running outside of DispatcherServlet/DispatcherPortlet: In this case, use RequestContextListener or RequestContextFilter to expose the current request. 
2022-12-07 14:57:58.141 PM ERROR  [main] corebackend.common.LoggerService :? ====== Generate log is error, PID :d03e8b5c8b3f4e7eb6c4012313c0eb70 , ErrorMessage : No thread-bound request found: Are you referring to request attributes outside of an actual web request, or processing a request outside of the originally receiving thread? If you are actually operating within a web request and still receive this message, your code is probably running outside of DispatcherServlet/DispatcherPortlet: In this case, use RequestContextListener or RequestContextFilter to expose the current request. 
2022-12-07 14:57:58.171 PM ERROR  [main] corebackend.common.LoggerService :? ====== Generate log is error, PID :e2d66281cc76409793f93a08a168b399 , ErrorMessage : No thread-bound request found: Are you referring to request attributes outside of an actual web request, or processing a request outside of the originally receiving thread? If you are actually operating within a web request and still receive this message, your code is probably running outside of DispatcherServlet/DispatcherPortlet: In this case, use RequestContextListener or RequestContextFilter to expose the current request. 
2022-12-07 14:57:58.273 PM ERROR  [main] corebackend.common.LoggerService :? ====== Generate log is error, PID :3d67362bd8dd466daaa9d19a1ce19044 , ErrorMessage : No thread-bound request found: Are you referring to request attributes outside of an actual web request, or processing a request outside of the originally receiving thread? If you are actually operating within a web request and still receive this message, your code is probably running outside of DispatcherServlet/DispatcherPortlet: In this case, use RequestContextListener or RequestContextFilter to expose the current request. 
2022-12-07 14:58:13.550 PM ERROR  [http-nio-8080-exec-2] org.grails.web.errors.GrailsExceptionResolver :? ====== MissingPropertyException occurred when processing request: [POST] /api/company
No such property: transactionStatus for class: basicgit.CompanyController. Stacktrace follows:
java.lang.reflect.InvocationTargetException: null
	at org.grails.core.DefaultGrailsControllerClass$ReflectionInvoker.invoke(DefaultGrailsControllerClass.java:211)
	at org.grails.core.DefaultGrailsControllerClass.invoke(DefaultGrailsControllerClass.java:188)
	at org.grails.web.mapping.mvc.UrlMappingsInfoHandlerAdapter.handle(UrlMappingsInfoHandlerAdapter.groovy:90)
	at org.springframework.web.servlet.DispatcherServlet.doDispatch(DispatcherServlet.java:967)
	at org.springframework.web.servlet.DispatcherServlet.doService(DispatcherServlet.java:901)
	at org.springframework.web.servlet.FrameworkServlet.processRequest(FrameworkServlet.java:970)
	at org.springframework.web.servlet.FrameworkServlet.doPost(FrameworkServlet.java:872)
	at org.springframework.web.servlet.FrameworkServlet.service(FrameworkServlet.java:846)
	at org.springframework.boot.web.filter.ApplicationContextHeaderFilter.doFilterInternal(ApplicationContextHeaderFilter.java:55)
	at org.springframework.security.web.FilterChainProxy$VirtualFilterChain.doFilter(FilterChainProxy.java:317)
	at org.springframework.security.web.access.intercept.FilterSecurityInterceptor.invoke(FilterSecurityInterceptor.java:127)
	at org.springframework.security.web.access.intercept.FilterSecurityInterceptor.doFilter(FilterSecurityInterceptor.java:91)
	at org.springframework.security.web.FilterChainProxy$VirtualFilterChain.doFilter(FilterChainProxy.java:331)
	at org.springframework.security.web.access.ExceptionTranslationFilter.doFilter(ExceptionTranslationFilter.java:114)
	at org.springframework.security.web.FilterChainProxy$VirtualFilterChain.doFilter(FilterChainProxy.java:331)
	at grails.plugin.springsecurity.rest.RestTokenValidationFilter.processFilterChain(RestTokenValidationFilter.groovy:121)
	at grails.plugin.springsecurity.rest.RestTokenValidationFilter.doFilter(RestTokenValidationFilter.groovy:87)
	at org.springframework.security.web.FilterChainProxy$VirtualFilterChain.doFilter(FilterChainProxy.java:331)
	at grails.plugin.springsecurity.web.filter.GrailsAnonymousAuthenticationFilter.doFilter(GrailsAnonymousAuthenticationFilter.groovy:54)
	at org.springframework.security.web.FilterChainProxy$VirtualFilterChain.doFilter(FilterChainProxy.java:331)
	at org.springframework.security.web.servletapi.SecurityContextHolderAwareRequestFilter.doFilter(SecurityContextHolderAwareRequestFilter.java:170)
	at org.springframework.security.web.FilterChainProxy$VirtualFilterChain.doFilter(FilterChainProxy.java:331)
	at grails.plugin.springsecurity.rest.RestAuthenticationFilter.doFilter(RestAuthenticationFilter.groovy:139)
	at org.springframework.security.web.FilterChainProxy$VirtualFilterChain.doFilter(FilterChainProxy.java:331)
	at grails.plugin.springsecurity.web.authentication.logout.MutableLogoutFilter.doFilter(MutableLogoutFilter.groovy:64)
	at org.springframework.security.web.FilterChainProxy$VirtualFilterChain.doFilter(FilterChainProxy.java:331)
	at grails.plugin.springsecurity.rest.RestLogoutFilter.doFilter(RestLogoutFilter.groovy:82)
	at org.springframework.security.web.FilterChainProxy$VirtualFilterChain.doFilter(FilterChainProxy.java:331)
	at grails.plugin.springsecurity.web.SecurityRequestHolderFilter.doFilter(SecurityRequestHolderFilter.groovy:58)
	at org.springframework.security.web.FilterChainProxy$VirtualFilterChain.doFilter(FilterChainProxy.java:331)
	at org.springframework.security.web.FilterChainProxy.doFilterInternal(FilterChainProxy.java:214)
	at org.springframework.security.web.FilterChainProxy.doFilter(FilterChainProxy.java:177)
	at org.grails.web.servlet.mvc.GrailsWebRequestFilter.doFilterInternal(GrailsWebRequestFilter.java:77)
	at org.grails.web.filters.HiddenHttpMethodFilter.doFilterInternal(HiddenHttpMethodFilter.java:67)
	at java.util.concurrent.ThreadPoolExecutor.runWorker(ThreadPoolExecutor.java:1149)
	at java.util.concurrent.ThreadPoolExecutor$Worker.run(ThreadPoolExecutor.java:624)
	at java.lang.Thread.run(Thread.java:748)
Caused by: groovy.lang.MissingPropertyException: No such property: transactionStatus for class: basicgit.CompanyController
	at grails.artefact.gsp.TagLibraryInvoker$Trait$Helper.propertyMissing(TagLibraryInvoker.groovy:121)
	at basicgit.CompanyController.saveAction(CompanyController.groovy:28)
	at ecoinsoft.corebackend.simplegenericrestfulcontroller.generic.ABaseSimpleGenericRestfulController.$tt__save(ABaseSimpleGenericRestfulController.groovy:117)
	at grails.gorm.transactions.GrailsTransactionTemplate$2.doInTransaction(GrailsTransactionTemplate.groovy:94)
	at org.springframework.transaction.support.TransactionTemplate.execute(TransactionTemplate.java:133)
	at grails.gorm.transactions.GrailsTransactionTemplate.execute(GrailsTransactionTemplate.groovy:91)
	... 37 common frames omitted
2022-12-07 14:58:47.779 PM ERROR  [http-nio-8080-exec-5] org.grails.web.errors.GrailsExceptionResolver :? ====== MissingPropertyException occurred when processing request: [POST] /api/company
No such property: transactionStatus for class: basicgit.CompanyController. Stacktrace follows:
java.lang.reflect.InvocationTargetException: null
	at org.grails.core.DefaultGrailsControllerClass$ReflectionInvoker.invoke(DefaultGrailsControllerClass.java:211)
	at org.grails.core.DefaultGrailsControllerClass.invoke(DefaultGrailsControllerClass.java:188)
	at org.grails.web.mapping.mvc.UrlMappingsInfoHandlerAdapter.handle(UrlMappingsInfoHandlerAdapter.groovy:90)
	at org.springframework.web.servlet.DispatcherServlet.doDispatch(DispatcherServlet.java:967)
	at org.springframework.web.servlet.DispatcherServlet.doService(DispatcherServlet.java:901)
	at org.springframework.web.servlet.FrameworkServlet.processRequest(FrameworkServlet.java:970)
	at org.springframework.web.servlet.FrameworkServlet.doPost(FrameworkServlet.java:872)
	at org.springframework.web.servlet.FrameworkServlet.service(FrameworkServlet.java:846)
	at org.springframework.boot.web.filter.ApplicationContextHeaderFilter.doFilterInternal(ApplicationContextHeaderFilter.java:55)
	at org.springframework.security.web.FilterChainProxy$VirtualFilterChain.doFilter(FilterChainProxy.java:317)
	at org.springframework.security.web.access.intercept.FilterSecurityInterceptor.invoke(FilterSecurityInterceptor.java:127)
	at org.springframework.security.web.access.intercept.FilterSecurityInterceptor.doFilter(FilterSecurityInterceptor.java:91)
	at org.springframework.security.web.FilterChainProxy$VirtualFilterChain.doFilter(FilterChainProxy.java:331)
	at org.springframework.security.web.access.ExceptionTranslationFilter.doFilter(ExceptionTranslationFilter.java:114)
	at org.springframework.security.web.FilterChainProxy$VirtualFilterChain.doFilter(FilterChainProxy.java:331)
	at grails.plugin.springsecurity.rest.RestTokenValidationFilter.processFilterChain(RestTokenValidationFilter.groovy:121)
	at grails.plugin.springsecurity.rest.RestTokenValidationFilter.doFilter(RestTokenValidationFilter.groovy:87)
	at org.springframework.security.web.FilterChainProxy$VirtualFilterChain.doFilter(FilterChainProxy.java:331)
	at grails.plugin.springsecurity.web.filter.GrailsAnonymousAuthenticationFilter.doFilter(GrailsAnonymousAuthenticationFilter.groovy:54)
	at org.springframework.security.web.FilterChainProxy$VirtualFilterChain.doFilter(FilterChainProxy.java:331)
	at org.springframework.security.web.servletapi.SecurityContextHolderAwareRequestFilter.doFilter(SecurityContextHolderAwareRequestFilter.java:170)
	at org.springframework.security.web.FilterChainProxy$VirtualFilterChain.doFilter(FilterChainProxy.java:331)
	at grails.plugin.springsecurity.rest.RestAuthenticationFilter.doFilter(RestAuthenticationFilter.groovy:139)
	at org.springframework.security.web.FilterChainProxy$VirtualFilterChain.doFilter(FilterChainProxy.java:331)
	at grails.plugin.springsecurity.web.authentication.logout.MutableLogoutFilter.doFilter(MutableLogoutFilter.groovy:64)
	at org.springframework.security.web.FilterChainProxy$VirtualFilterChain.doFilter(FilterChainProxy.java:331)
	at grails.plugin.springsecurity.rest.RestLogoutFilter.doFilter(RestLogoutFilter.groovy:82)
	at org.springframework.security.web.FilterChainProxy$VirtualFilterChain.doFilter(FilterChainProxy.java:331)
	at grails.plugin.springsecurity.web.SecurityRequestHolderFilter.doFilter(SecurityRequestHolderFilter.groovy:58)
	at org.springframework.security.web.FilterChainProxy$VirtualFilterChain.doFilter(FilterChainProxy.java:331)
	at org.springframework.security.web.FilterChainProxy.doFilterInternal(FilterChainProxy.java:214)
	at org.springframework.security.web.FilterChainProxy.doFilter(FilterChainProxy.java:177)
	at org.grails.web.servlet.mvc.GrailsWebRequestFilter.doFilterInternal(GrailsWebRequestFilter.java:77)
	at org.grails.web.filters.HiddenHttpMethodFilter.doFilterInternal(HiddenHttpMethodFilter.java:67)
	at java.util.concurrent.ThreadPoolExecutor.runWorker(ThreadPoolExecutor.java:1149)
	at java.util.concurrent.ThreadPoolExecutor$Worker.run(ThreadPoolExecutor.java:624)
	at java.lang.Thread.run(Thread.java:748)
Caused by: groovy.lang.MissingPropertyException: No such property: transactionStatus for class: basicgit.CompanyController
	at grails.artefact.gsp.TagLibraryInvoker$Trait$Helper.propertyMissing(TagLibraryInvoker.groovy:121)
	at basicgit.CompanyController.saveAction(CompanyController.groovy:28)
	at ecoinsoft.corebackend.simplegenericrestfulcontroller.generic.ABaseSimpleGenericRestfulController.$tt__save(ABaseSimpleGenericRestfulController.groovy:117)
	at grails.gorm.transactions.GrailsTransactionTemplate$2.doInTransaction(GrailsTransactionTemplate.groovy:94)
	at org.springframework.transaction.support.TransactionTemplate.execute(TransactionTemplate.java:133)
	at grails.gorm.transactions.GrailsTransactionTemplate.execute(GrailsTransactionTemplate.groovy:91)
	... 37 common frames omitted
2022-12-07 15:00:58.277 PM ERROR  [main] corebackend.common.LoggerService :? ====== Generate log is error, PID :b3446c12a3454ad387ef365da2b0df89 , ErrorMessage : No thread-bound request found: Are you referring to request attributes outside of an actual web request, or processing a request outside of the originally receiving thread? If you are actually operating within a web request and still receive this message, your code is probably running outside of DispatcherServlet/DispatcherPortlet: In this case, use RequestContextListener or RequestContextFilter to expose the current request. 
2022-12-07 15:00:59.249 PM ERROR  [main] corebackend.common.LoggerService :? ====== Generate log is error, PID :6b518fd38a9d4f2a9c15373c71f21a90 , ErrorMessage : No thread-bound request found: Are you referring to request attributes outside of an actual web request, or processing a request outside of the originally receiving thread? If you are actually operating within a web request and still receive this message, your code is probably running outside of DispatcherServlet/DispatcherPortlet: In this case, use RequestContextListener or RequestContextFilter to expose the current request. 
2022-12-07 15:00:59.251 PM ERROR  [main] corebackend.common.LoggerService :? ====== Generate log is error, PID :16b2055dff764e5796446e6dadb1c0f1 , ErrorMessage : No thread-bound request found: Are you referring to request attributes outside of an actual web request, or processing a request outside of the originally receiving thread? If you are actually operating within a web request and still receive this message, your code is probably running outside of DispatcherServlet/DispatcherPortlet: In this case, use RequestContextListener or RequestContextFilter to expose the current request. 
2022-12-07 15:00:59.612 PM ERROR  [main] corebackend.common.LoggerService :? ====== Generate log is error, PID :8ecba12fe8cf4f52b8d99fa74d1b9b6d , ErrorMessage : No thread-bound request found: Are you referring to request attributes outside of an actual web request, or processing a request outside of the originally receiving thread? If you are actually operating within a web request and still receive this message, your code is probably running outside of DispatcherServlet/DispatcherPortlet: In this case, use RequestContextListener or RequestContextFilter to expose the current request. 
2022-12-07 15:00:59.614 PM ERROR  [main] corebackend.common.LoggerService :? ====== Generate log is error, PID :a0b408691a8049099a220c59fc041e52 , ErrorMessage : No thread-bound request found: Are you referring to request attributes outside of an actual web request, or processing a request outside of the originally receiving thread? If you are actually operating within a web request and still receive this message, your code is probably running outside of DispatcherServlet/DispatcherPortlet: In this case, use RequestContextListener or RequestContextFilter to expose the current request. 
2022-12-07 15:00:59.710 PM ERROR  [main] corebackend.common.LoggerService :? ====== Generate log is error, PID :1a771a6e3c7f42baa3afc954f624f337 , ErrorMessage : No thread-bound request found: Are you referring to request attributes outside of an actual web request, or processing a request outside of the originally receiving thread? If you are actually operating within a web request and still receive this message, your code is probably running outside of DispatcherServlet/DispatcherPortlet: In this case, use RequestContextListener or RequestContextFilter to expose the current request. 
2022-12-07 15:00:59.729 PM ERROR  [main] corebackend.common.LoggerService :? ====== Generate log is error, PID :715572d4f4a54b3685868011276b13b5 , ErrorMessage : No thread-bound request found: Are you referring to request attributes outside of an actual web request, or processing a request outside of the originally receiving thread? If you are actually operating within a web request and still receive this message, your code is probably running outside of DispatcherServlet/DispatcherPortlet: In this case, use RequestContextListener or RequestContextFilter to expose the current request. 
2022-12-07 15:00:59.825 PM ERROR  [main] corebackend.common.LoggerService :? ====== Generate log is error, PID :36349de21e8145eb8a5ce17668724650 , ErrorMessage : No thread-bound request found: Are you referring to request attributes outside of an actual web request, or processing a request outside of the originally receiving thread? If you are actually operating within a web request and still receive this message, your code is probably running outside of DispatcherServlet/DispatcherPortlet: In this case, use RequestContextListener or RequestContextFilter to expose the current request. 
2022-12-07 16:28:39.977 PM ERROR  [main] corebackend.common.LoggerService :? ====== Generate log is error, PID :b283ee8448c747d3a890a26b2e229cf5 , ErrorMessage : No thread-bound request found: Are you referring to request attributes outside of an actual web request, or processing a request outside of the originally receiving thread? If you are actually operating within a web request and still receive this message, your code is probably running outside of DispatcherServlet/DispatcherPortlet: In this case, use RequestContextListener or RequestContextFilter to expose the current request. 
2022-12-07 16:28:41.023 PM ERROR  [main] corebackend.common.LoggerService :? ====== Generate log is error, PID :08ae5a045ea74bf2b3710c526a0d7ee4 , ErrorMessage : No thread-bound request found: Are you referring to request attributes outside of an actual web request, or processing a request outside of the originally receiving thread? If you are actually operating within a web request and still receive this message, your code is probably running outside of DispatcherServlet/DispatcherPortlet: In this case, use RequestContextListener or RequestContextFilter to expose the current request. 
2022-12-07 16:28:41.025 PM ERROR  [main] corebackend.common.LoggerService :? ====== Generate log is error, PID :b6ee0902d6eb470d956b632100af473a , ErrorMessage : No thread-bound request found: Are you referring to request attributes outside of an actual web request, or processing a request outside of the originally receiving thread? If you are actually operating within a web request and still receive this message, your code is probably running outside of DispatcherServlet/DispatcherPortlet: In this case, use RequestContextListener or RequestContextFilter to expose the current request. 
2022-12-07 16:28:41.371 PM ERROR  [main] corebackend.common.LoggerService :? ====== Generate log is error, PID :da7abf728c424316a1833ee4e020289d , ErrorMessage : No thread-bound request found: Are you referring to request attributes outside of an actual web request, or processing a request outside of the originally receiving thread? If you are actually operating within a web request and still receive this message, your code is probably running outside of DispatcherServlet/DispatcherPortlet: In this case, use RequestContextListener or RequestContextFilter to expose the current request. 
2022-12-07 16:28:41.372 PM ERROR  [main] corebackend.common.LoggerService :? ====== Generate log is error, PID :345600b34a5546a0b4d84c64c552bd40 , ErrorMessage : No thread-bound request found: Are you referring to request attributes outside of an actual web request, or processing a request outside of the originally receiving thread? If you are actually operating within a web request and still receive this message, your code is probably running outside of DispatcherServlet/DispatcherPortlet: In this case, use RequestContextListener or RequestContextFilter to expose the current request. 
2022-12-07 16:28:41.451 PM ERROR  [main] corebackend.common.LoggerService :? ====== Generate log is error, PID :0b2f7bf6c901473aa83977debbde978c , ErrorMessage : No thread-bound request found: Are you referring to request attributes outside of an actual web request, or processing a request outside of the originally receiving thread? If you are actually operating within a web request and still receive this message, your code is probably running outside of DispatcherServlet/DispatcherPortlet: In this case, use RequestContextListener or RequestContextFilter to expose the current request. 
2022-12-07 16:28:41.471 PM ERROR  [main] corebackend.common.LoggerService :? ====== Generate log is error, PID :05b4cbb72c11426ab669133f11a3463e , ErrorMessage : No thread-bound request found: Are you referring to request attributes outside of an actual web request, or processing a request outside of the originally receiving thread? If you are actually operating within a web request and still receive this message, your code is probably running outside of DispatcherServlet/DispatcherPortlet: In this case, use RequestContextListener or RequestContextFilter to expose the current request. 
2022-12-07 16:28:41.562 PM ERROR  [main] corebackend.common.LoggerService :? ====== Generate log is error, PID :88617226e445450485bdf2e1f776eb9b , ErrorMessage : No thread-bound request found: Are you referring to request attributes outside of an actual web request, or processing a request outside of the originally receiving thread? If you are actually operating within a web request and still receive this message, your code is probably running outside of DispatcherServlet/DispatcherPortlet: In this case, use RequestContextListener or RequestContextFilter to expose the current request. 
2022-12-07 17:01:36.452 PM ERROR  [main] corebackend.common.LoggerService :? ====== Generate log is error, PID :340093f7e5e3421a8baabad3ae8e64c7 , ErrorMessage : No thread-bound request found: Are you referring to request attributes outside of an actual web request, or processing a request outside of the originally receiving thread? If you are actually operating within a web request and still receive this message, your code is probably running outside of DispatcherServlet/DispatcherPortlet: In this case, use RequestContextListener or RequestContextFilter to expose the current request. 
2022-12-07 17:01:37.318 PM ERROR  [main] corebackend.common.LoggerService :? ====== Generate log is error, PID :360b316893e74133be45d33c4a5e32fb , ErrorMessage : No thread-bound request found: Are you referring to request attributes outside of an actual web request, or processing a request outside of the originally receiving thread? If you are actually operating within a web request and still receive this message, your code is probably running outside of DispatcherServlet/DispatcherPortlet: In this case, use RequestContextListener or RequestContextFilter to expose the current request. 
2022-12-07 17:01:37.320 PM ERROR  [main] corebackend.common.LoggerService :? ====== Generate log is error, PID :031592294f694852b321f67103a1034a , ErrorMessage : No thread-bound request found: Are you referring to request attributes outside of an actual web request, or processing a request outside of the originally receiving thread? If you are actually operating within a web request and still receive this message, your code is probably running outside of DispatcherServlet/DispatcherPortlet: In this case, use RequestContextListener or RequestContextFilter to expose the current request. 
2022-12-07 17:01:37.680 PM ERROR  [main] corebackend.common.LoggerService :? ====== Generate log is error, PID :b64a6fd88e68451ba1f939d15c180311 , ErrorMessage : No thread-bound request found: Are you referring to request attributes outside of an actual web request, or processing a request outside of the originally receiving thread? If you are actually operating within a web request and still receive this message, your code is probably running outside of DispatcherServlet/DispatcherPortlet: In this case, use RequestContextListener or RequestContextFilter to expose the current request. 
2022-12-07 17:01:37.681 PM ERROR  [main] corebackend.common.LoggerService :? ====== Generate log is error, PID :41e662640fa04ff7b1b716d481997c81 , ErrorMessage : No thread-bound request found: Are you referring to request attributes outside of an actual web request, or processing a request outside of the originally receiving thread? If you are actually operating within a web request and still receive this message, your code is probably running outside of DispatcherServlet/DispatcherPortlet: In this case, use RequestContextListener or RequestContextFilter to expose the current request. 
2022-12-07 17:01:37.757 PM ERROR  [main] corebackend.common.LoggerService :? ====== Generate log is error, PID :69a2037d93ee43a59671b72a21ec9d28 , ErrorMessage : No thread-bound request found: Are you referring to request attributes outside of an actual web request, or processing a request outside of the originally receiving thread? If you are actually operating within a web request and still receive this message, your code is probably running outside of DispatcherServlet/DispatcherPortlet: In this case, use RequestContextListener or RequestContextFilter to expose the current request. 
2022-12-07 17:01:37.777 PM ERROR  [main] corebackend.common.LoggerService :? ====== Generate log is error, PID :db041481df724e2bac387a5fede35c23 , ErrorMessage : No thread-bound request found: Are you referring to request attributes outside of an actual web request, or processing a request outside of the originally receiving thread? If you are actually operating within a web request and still receive this message, your code is probably running outside of DispatcherServlet/DispatcherPortlet: In this case, use RequestContextListener or RequestContextFilter to expose the current request. 
2022-12-07 17:01:37.866 PM ERROR  [main] corebackend.common.LoggerService :? ====== Generate log is error, PID :ed23271ccac64ca49fe02bad172a8e5e , ErrorMessage : No thread-bound request found: Are you referring to request attributes outside of an actual web request, or processing a request outside of the originally receiving thread? If you are actually operating within a web request and still receive this message, your code is probably running outside of DispatcherServlet/DispatcherPortlet: In this case, use RequestContextListener or RequestContextFilter to expose the current request. 
2022-12-07 17:07:41.117 PM ERROR  [main] corebackend.common.LoggerService :? ====== Generate log is error, PID :c71d427be7094c6faa323131895275b8 , ErrorMessage : No thread-bound request found: Are you referring to request attributes outside of an actual web request, or processing a request outside of the originally receiving thread? If you are actually operating within a web request and still receive this message, your code is probably running outside of DispatcherServlet/DispatcherPortlet: In this case, use RequestContextListener or RequestContextFilter to expose the current request. 
2022-12-07 17:07:42.045 PM ERROR  [main] corebackend.common.LoggerService :? ====== Generate log is error, PID :406dbefad2214fa09e01a0a7551b3412 , ErrorMessage : No thread-bound request found: Are you referring to request attributes outside of an actual web request, or processing a request outside of the originally receiving thread? If you are actually operating within a web request and still receive this message, your code is probably running outside of DispatcherServlet/DispatcherPortlet: In this case, use RequestContextListener or RequestContextFilter to expose the current request. 
2022-12-07 17:07:42.047 PM ERROR  [main] corebackend.common.LoggerService :? ====== Generate log is error, PID :4b0de1e0660d4ab494953c825e6c53fa , ErrorMessage : No thread-bound request found: Are you referring to request attributes outside of an actual web request, or processing a request outside of the originally receiving thread? If you are actually operating within a web request and still receive this message, your code is probably running outside of DispatcherServlet/DispatcherPortlet: In this case, use RequestContextListener or RequestContextFilter to expose the current request. 
2022-12-07 17:07:42.388 PM ERROR  [main] corebackend.common.LoggerService :? ====== Generate log is error, PID :59088c7c10414616b2fead88ac8792c6 , ErrorMessage : No thread-bound request found: Are you referring to request attributes outside of an actual web request, or processing a request outside of the originally receiving thread? If you are actually operating within a web request and still receive this message, your code is probably running outside of DispatcherServlet/DispatcherPortlet: In this case, use RequestContextListener or RequestContextFilter to expose the current request. 
2022-12-07 17:07:42.390 PM ERROR  [main] corebackend.common.LoggerService :? ====== Generate log is error, PID :09717f91a92541c1b2d0a028ca20496b , ErrorMessage : No thread-bound request found: Are you referring to request attributes outside of an actual web request, or processing a request outside of the originally receiving thread? If you are actually operating within a web request and still receive this message, your code is probably running outside of DispatcherServlet/DispatcherPortlet: In this case, use RequestContextListener or RequestContextFilter to expose the current request. 
2022-12-07 17:07:42.464 PM ERROR  [main] corebackend.common.LoggerService :? ====== Generate log is error, PID :6d6c749821f641208ae67f85549d42df , ErrorMessage : No thread-bound request found: Are you referring to request attributes outside of an actual web request, or processing a request outside of the originally receiving thread? If you are actually operating within a web request and still receive this message, your code is probably running outside of DispatcherServlet/DispatcherPortlet: In this case, use RequestContextListener or RequestContextFilter to expose the current request. 
2022-12-07 17:07:42.490 PM ERROR  [main] corebackend.common.LoggerService :? ====== Generate log is error, PID :e8e9432d805241b4b3165c8efa4488dd , ErrorMessage : No thread-bound request found: Are you referring to request attributes outside of an actual web request, or processing a request outside of the originally receiving thread? If you are actually operating within a web request and still receive this message, your code is probably running outside of DispatcherServlet/DispatcherPortlet: In this case, use RequestContextListener or RequestContextFilter to expose the current request. 
2022-12-07 17:07:42.576 PM ERROR  [main] corebackend.common.LoggerService :? ====== Generate log is error, PID :64eb298a2d3446a5b2d81fe682923721 , ErrorMessage : No thread-bound request found: Are you referring to request attributes outside of an actual web request, or processing a request outside of the originally receiving thread? If you are actually operating within a web request and still receive this message, your code is probably running outside of DispatcherServlet/DispatcherPortlet: In this case, use RequestContextListener or RequestContextFilter to expose the current request. 
