2022-12-06 10:42:30.030 AM ERROR  [main] grails.boot.config.GrailsApplicationPostProcessor :? ====== Error loading spring/resources.groovy file: No such property: ProducerCreator for class: resources
groovy.lang.MissingPropertyException: No such property: ProducerCreator for class: resources
	at org.codehaus.groovy.runtime.ScriptBytecodeAdapter.unwrap(ScriptBytecodeAdapter.java:66)
	at org.codehaus.groovy.runtime.callsite.PogoGetPropertySite.getProperty(PogoGetPropertySite.java:51)
	at org.codehaus.groovy.runtime.callsite.AbstractCallSite.callGroovyObjectGetProperty(AbstractCallSite.java:310)
	at resources$_run_closure1.doCall(resources.groovy:26)
	at resources$_run_closure1.doCall(resources.groovy)
	at sun.reflect.NativeMethodAccessorImpl.invoke0(Native Method)
	at sun.reflect.NativeMethodAccessorImpl.invoke(NativeMethodAccessorImpl.java:62)
	at sun.reflect.DelegatingMethodAccessorImpl.invoke(DelegatingMethodAccessorImpl.java:43)
	at java.lang.reflect.Method.invoke(Method.java:498)
	at org.springsource.loaded.ri.ReflectiveInterceptor.jlrMethodInvoke(ReflectiveInterceptor.java:1427)
	at org.codehaus.groovy.reflection.CachedMethod.invoke(CachedMethod.java:98)
	at groovy.lang.MetaMethod.doMethodInvoke(MetaMethod.java:325)
	at org.codehaus.groovy.runtime.metaclass.ClosureMetaClass.invokeMethod(ClosureMetaClass.java:264)
	at groovy.lang.MetaClassImpl.invokeMethod(MetaClassImpl.java:1034)
	at groovy.lang.Closure.call(Closure.java:418)
	at groovy.lang.Closure.call(Closure.java:412)
	at grails.spring.BeanBuilder.invokeBeanDefiningClosure(BeanBuilder.java:759)
	at grails.spring.BeanBuilder.beans(BeanBuilder.java:588)
	at org.grails.spring.RuntimeSpringConfigUtilities.reloadSpringResourcesConfig(RuntimeSpringConfigUtilities.java:103)
	at grails.boot.config.GrailsApplicationPostProcessor.postProcessBeanDefinitionRegistry(GrailsApplicationPostProcessor.groovy:181)
	at org.springframework.context.support.PostProcessorRegistrationDelegate.invokeBeanDefinitionRegistryPostProcessors(PostProcessorRegistrationDelegate.java:272)
	at org.springframework.context.support.PostProcessorRegistrationDelegate.invokeBeanFactoryPostProcessors(PostProcessorRegistrationDelegate.java:122)
	at org.springframework.context.support.AbstractApplicationContext.invokeBeanFactoryPostProcessors(AbstractApplicationContext.java:687)
	at org.springframework.context.support.AbstractApplicationContext.refresh(AbstractApplicationContext.java:525)
	at org.springframework.boot.context.embedded.EmbeddedWebApplicationContext.refresh(EmbeddedWebApplicationContext.java:122)
	at org.springframework.boot.SpringApplication.refresh(SpringApplication.java:693)
	at org.springframework.boot.SpringApplication.refreshContext(SpringApplication.java:360)
	at org.springframework.boot.SpringApplication.run(SpringApplication.java:303)
	at grails.boot.GrailsApp.run(GrailsApp.groovy:84)
	at grails.boot.GrailsApp.run(GrailsApp.groovy:393)
	at grails.boot.GrailsApp.run(GrailsApp.groovy:380)
	at grails.boot.GrailsApp$run.call(Unknown Source)
	at org.codehaus.groovy.runtime.callsite.CallSiteArray.defaultCall(CallSiteArray.java:47)
	at org.codehaus.groovy.runtime.callsite.AbstractCallSite.call(AbstractCallSite.java:116)
	at org.codehaus.groovy.runtime.callsite.AbstractCallSite.call(AbstractCallSite.java:136)
	at basicgit.Application.main(Application.groovy:8)
2022-12-06 10:42:30.050 AM ERROR  [main] org.springframework.boot.SpringApplication :? ====== Application startup failed
org.grails.core.exceptions.GrailsConfigurationException: Error loading spring/resources.groovy file: No such property: ProducerCreator for class: resources
	at grails.boot.config.GrailsApplicationPostProcessor.postProcessBeanDefinitionRegistry(GrailsApplicationPostProcessor.groovy:184)
	at org.springframework.context.support.PostProcessorRegistrationDelegate.invokeBeanDefinitionRegistryPostProcessors(PostProcessorRegistrationDelegate.java:272)
	at org.springframework.context.support.PostProcessorRegistrationDelegate.invokeBeanFactoryPostProcessors(PostProcessorRegistrationDelegate.java:122)
	at org.springframework.context.support.AbstractApplicationContext.invokeBeanFactoryPostProcessors(AbstractApplicationContext.java:687)
	at org.springframework.context.support.AbstractApplicationContext.refresh(AbstractApplicationContext.java:525)
	at org.springframework.boot.context.embedded.EmbeddedWebApplicationContext.refresh(EmbeddedWebApplicationContext.java:122)
	at org.springframework.boot.SpringApplication.refresh(SpringApplication.java:693)
	at org.springframework.boot.SpringApplication.refreshContext(SpringApplication.java:360)
	at org.springframework.boot.SpringApplication.run(SpringApplication.java:303)
	at grails.boot.GrailsApp.run(GrailsApp.groovy:84)
	at grails.boot.GrailsApp.run(GrailsApp.groovy:393)
	at grails.boot.GrailsApp.run(GrailsApp.groovy:380)
	at grails.boot.GrailsApp$run.call(Unknown Source)
	at org.codehaus.groovy.runtime.callsite.CallSiteArray.defaultCall(CallSiteArray.java:47)
	at org.codehaus.groovy.runtime.callsite.AbstractCallSite.call(AbstractCallSite.java:116)
	at org.codehaus.groovy.runtime.callsite.AbstractCallSite.call(AbstractCallSite.java:136)
	at basicgit.Application.main(Application.groovy:8)
Caused by: groovy.lang.MissingPropertyException: No such property: ProducerCreator for class: resources
	at org.codehaus.groovy.runtime.ScriptBytecodeAdapter.unwrap(ScriptBytecodeAdapter.java:66)
	at org.codehaus.groovy.runtime.callsite.PogoGetPropertySite.getProperty(PogoGetPropertySite.java:51)
	at org.codehaus.groovy.runtime.callsite.AbstractCallSite.callGroovyObjectGetProperty(AbstractCallSite.java:310)
	at resources$_run_closure1.doCall(resources.groovy:26)
	at resources$_run_closure1.doCall(resources.groovy)
	at sun.reflect.NativeMethodAccessorImpl.invoke0(Native Method)
	at sun.reflect.NativeMethodAccessorImpl.invoke(NativeMethodAccessorImpl.java:62)
	at sun.reflect.DelegatingMethodAccessorImpl.invoke(DelegatingMethodAccessorImpl.java:43)
	at java.lang.reflect.Method.invoke(Method.java:498)
	at org.springsource.loaded.ri.ReflectiveInterceptor.jlrMethodInvoke(ReflectiveInterceptor.java:1427)
	at org.codehaus.groovy.reflection.CachedMethod.invoke(CachedMethod.java:98)
	at groovy.lang.MetaMethod.doMethodInvoke(MetaMethod.java:325)
	at org.codehaus.groovy.runtime.metaclass.ClosureMetaClass.invokeMethod(ClosureMetaClass.java:264)
	at groovy.lang.MetaClassImpl.invokeMethod(MetaClassImpl.java:1034)
	at groovy.lang.Closure.call(Closure.java:418)
	at groovy.lang.Closure.call(Closure.java:412)
	at grails.spring.BeanBuilder.invokeBeanDefiningClosure(BeanBuilder.java:759)
	at grails.spring.BeanBuilder.beans(BeanBuilder.java:588)
	at org.grails.spring.RuntimeSpringConfigUtilities.reloadSpringResourcesConfig(RuntimeSpringConfigUtilities.java:103)
	at grails.boot.config.GrailsApplicationPostProcessor.postProcessBeanDefinitionRegistry(GrailsApplicationPostProcessor.groovy:181)
	... 16 common frames omitted
2022-12-06 10:44:56.260 AM ERROR  [main] corebackend.common.LoggerService :? ====== Generate log is error, PID :97c7bbc513b64ce5a4ba52bd9c148b36 , ErrorMessage : No thread-bound request found: Are you referring to request attributes outside of an actual web request, or processing a request outside of the originally receiving thread? If you are actually operating within a web request and still receive this message, your code is probably running outside of DispatcherServlet/DispatcherPortlet: In this case, use RequestContextListener or RequestContextFilter to expose the current request. 
2022-12-06 10:44:59.017 AM ERROR  [main] corebackend.common.LoggerService :? ====== Generate log is error, PID :2d632847adfa4e42a7a02ff7c89b5a64 , ErrorMessage : No thread-bound request found: Are you referring to request attributes outside of an actual web request, or processing a request outside of the originally receiving thread? If you are actually operating within a web request and still receive this message, your code is probably running outside of DispatcherServlet/DispatcherPortlet: In this case, use RequestContextListener or RequestContextFilter to expose the current request. 
2022-12-06 10:44:59.019 AM ERROR  [main] corebackend.common.LoggerService :? ====== Generate log is error, PID :81d4a2bde8674a16aa160d69facd1098 , ErrorMessage : No thread-bound request found: Are you referring to request attributes outside of an actual web request, or processing a request outside of the originally receiving thread? If you are actually operating within a web request and still receive this message, your code is probably running outside of DispatcherServlet/DispatcherPortlet: In this case, use RequestContextListener or RequestContextFilter to expose the current request. 
2022-12-06 10:45:00.208 AM ERROR  [main] corebackend.common.LoggerService :? ====== Generate log is error, PID :49bf7db546024c2083d771caffee7559 , ErrorMessage : No thread-bound request found: Are you referring to request attributes outside of an actual web request, or processing a request outside of the originally receiving thread? If you are actually operating within a web request and still receive this message, your code is probably running outside of DispatcherServlet/DispatcherPortlet: In this case, use RequestContextListener or RequestContextFilter to expose the current request. 
2022-12-06 10:45:00.209 AM ERROR  [main] corebackend.common.LoggerService :? ====== Generate log is error, PID :a8bdd7e7e78740a9bbfd047a42baa964 , ErrorMessage : No thread-bound request found: Are you referring to request attributes outside of an actual web request, or processing a request outside of the originally receiving thread? If you are actually operating within a web request and still receive this message, your code is probably running outside of DispatcherServlet/DispatcherPortlet: In this case, use RequestContextListener or RequestContextFilter to expose the current request. 
2022-12-06 10:45:00.341 AM ERROR  [main] corebackend.common.LoggerService :? ====== Generate log is error, PID :c36dc4661b3a4eca857964048a1685c5 , ErrorMessage : No thread-bound request found: Are you referring to request attributes outside of an actual web request, or processing a request outside of the originally receiving thread? If you are actually operating within a web request and still receive this message, your code is probably running outside of DispatcherServlet/DispatcherPortlet: In this case, use RequestContextListener or RequestContextFilter to expose the current request. 
2022-12-06 10:45:00.343 AM ERROR  [main] corebackend.odp.CoordinateValidatorService :? ====== PID: c36dc4661b3a4eca857964048a1685c5, Internal Server Error, user: No authenticated user, request action: , controller total time: 0ms, from: , Ajax: , controller: null, action: null, browser: null
2022-12-06 10:45:00.708 AM ERROR  [main] corebackend.common.LoggerService :? ====== Generate log is error, PID :abc8c620d5ef41b799cadf7918546667 , ErrorMessage : No thread-bound request found: Are you referring to request attributes outside of an actual web request, or processing a request outside of the originally receiving thread? If you are actually operating within a web request and still receive this message, your code is probably running outside of DispatcherServlet/DispatcherPortlet: In this case, use RequestContextListener or RequestContextFilter to expose the current request. 
2022-12-06 10:45:00.733 AM ERROR  [main] corebackend.common.LoggerService :? ====== Generate log is error, PID :8b33d85251214c5b9ac6795bb7ce42e3 , ErrorMessage : No thread-bound request found: Are you referring to request attributes outside of an actual web request, or processing a request outside of the originally receiving thread? If you are actually operating within a web request and still receive this message, your code is probably running outside of DispatcherServlet/DispatcherPortlet: In this case, use RequestContextListener or RequestContextFilter to expose the current request. 
2022-12-06 10:45:01.094 AM ERROR  [main] corebackend.common.LoggerService :? ====== Generate log is error, PID :4467b1b6bdfa40248abea40938afdaea , ErrorMessage : No thread-bound request found: Are you referring to request attributes outside of an actual web request, or processing a request outside of the originally receiving thread? If you are actually operating within a web request and still receive this message, your code is probably running outside of DispatcherServlet/DispatcherPortlet: In this case, use RequestContextListener or RequestContextFilter to expose the current request. 
2022-12-06 11:41:21.100 AM ERROR  [main] corebackend.common.LoggerService :? ====== Generate log is error, PID :baf252b7e0c64a8b8f07fff9d33b5e6e , ErrorMessage : No thread-bound request found: Are you referring to request attributes outside of an actual web request, or processing a request outside of the originally receiving thread? If you are actually operating within a web request and still receive this message, your code is probably running outside of DispatcherServlet/DispatcherPortlet: In this case, use RequestContextListener or RequestContextFilter to expose the current request. 
2022-12-06 11:41:21.991 AM ERROR  [main] corebackend.common.LoggerService :? ====== Generate log is error, PID :5b39d9c352a447a089b0be917bce5f5e , ErrorMessage : No thread-bound request found: Are you referring to request attributes outside of an actual web request, or processing a request outside of the originally receiving thread? If you are actually operating within a web request and still receive this message, your code is probably running outside of DispatcherServlet/DispatcherPortlet: In this case, use RequestContextListener or RequestContextFilter to expose the current request. 
2022-12-06 11:41:21.993 AM ERROR  [main] corebackend.common.LoggerService :? ====== Generate log is error, PID :eea47de48d2f4c3a8316713e2d5460a1 , ErrorMessage : No thread-bound request found: Are you referring to request attributes outside of an actual web request, or processing a request outside of the originally receiving thread? If you are actually operating within a web request and still receive this message, your code is probably running outside of DispatcherServlet/DispatcherPortlet: In this case, use RequestContextListener or RequestContextFilter to expose the current request. 
2022-12-06 11:41:22.342 AM ERROR  [main] corebackend.common.LoggerService :? ====== Generate log is error, PID :c777d604cf044495b65494171ee23759 , ErrorMessage : No thread-bound request found: Are you referring to request attributes outside of an actual web request, or processing a request outside of the originally receiving thread? If you are actually operating within a web request and still receive this message, your code is probably running outside of DispatcherServlet/DispatcherPortlet: In this case, use RequestContextListener or RequestContextFilter to expose the current request. 
2022-12-06 11:41:22.344 AM ERROR  [main] corebackend.common.LoggerService :? ====== Generate log is error, PID :eca6667ca23a49878677bca04f7a1def , ErrorMessage : No thread-bound request found: Are you referring to request attributes outside of an actual web request, or processing a request outside of the originally receiving thread? If you are actually operating within a web request and still receive this message, your code is probably running outside of DispatcherServlet/DispatcherPortlet: In this case, use RequestContextListener or RequestContextFilter to expose the current request. 
2022-12-06 11:41:22.420 AM ERROR  [main] corebackend.common.LoggerService :? ====== Generate log is error, PID :8bde504cecc249f0938bcdbc0c39fa1d , ErrorMessage : No thread-bound request found: Are you referring to request attributes outside of an actual web request, or processing a request outside of the originally receiving thread? If you are actually operating within a web request and still receive this message, your code is probably running outside of DispatcherServlet/DispatcherPortlet: In this case, use RequestContextListener or RequestContextFilter to expose the current request. 
2022-12-06 11:41:22.440 AM ERROR  [main] corebackend.common.LoggerService :? ====== Generate log is error, PID :51e8a103218348c99c90810a1709c44c , ErrorMessage : No thread-bound request found: Are you referring to request attributes outside of an actual web request, or processing a request outside of the originally receiving thread? If you are actually operating within a web request and still receive this message, your code is probably running outside of DispatcherServlet/DispatcherPortlet: In this case, use RequestContextListener or RequestContextFilter to expose the current request. 
2022-12-06 11:41:22.526 AM ERROR  [main] corebackend.common.LoggerService :? ====== Generate log is error, PID :16f1f46566c041258d9bf3cec5a7e808 , ErrorMessage : No thread-bound request found: Are you referring to request attributes outside of an actual web request, or processing a request outside of the originally receiving thread? If you are actually operating within a web request and still receive this message, your code is probably running outside of DispatcherServlet/DispatcherPortlet: In this case, use RequestContextListener or RequestContextFilter to expose the current request. 
2022-12-06 13:09:55.611 PM ERROR  [main] corebackend.common.LoggerService :? ====== Generate log is error, PID :b3bb8fe4d63e4da287ef43538942bc22 , ErrorMessage : No thread-bound request found: Are you referring to request attributes outside of an actual web request, or processing a request outside of the originally receiving thread? If you are actually operating within a web request and still receive this message, your code is probably running outside of DispatcherServlet/DispatcherPortlet: In this case, use RequestContextListener or RequestContextFilter to expose the current request. 
2022-12-06 13:09:56.850 PM ERROR  [main] corebackend.common.LoggerService :? ====== Generate log is error, PID :9a6d7b9afedb41c9abb41bc6f20c6982 , ErrorMessage : No thread-bound request found: Are you referring to request attributes outside of an actual web request, or processing a request outside of the originally receiving thread? If you are actually operating within a web request and still receive this message, your code is probably running outside of DispatcherServlet/DispatcherPortlet: In this case, use RequestContextListener or RequestContextFilter to expose the current request. 
2022-12-06 13:09:56.852 PM ERROR  [main] corebackend.common.LoggerService :? ====== Generate log is error, PID :44858f366c934c7f81259480b59b28ec , ErrorMessage : No thread-bound request found: Are you referring to request attributes outside of an actual web request, or processing a request outside of the originally receiving thread? If you are actually operating within a web request and still receive this message, your code is probably running outside of DispatcherServlet/DispatcherPortlet: In this case, use RequestContextListener or RequestContextFilter to expose the current request. 
2022-12-06 13:09:57.492 PM ERROR  [main] corebackend.common.LoggerService :? ====== Generate log is error, PID :7faadfc514d242d8b7b619c9a53b08d7 , ErrorMessage : No thread-bound request found: Are you referring to request attributes outside of an actual web request, or processing a request outside of the originally receiving thread? If you are actually operating within a web request and still receive this message, your code is probably running outside of DispatcherServlet/DispatcherPortlet: In this case, use RequestContextListener or RequestContextFilter to expose the current request. 
2022-12-06 13:09:57.495 PM ERROR  [main] corebackend.common.LoggerService :? ====== Generate log is error, PID :75a1fb209dc94899af2e9dcfb8696ee4 , ErrorMessage : No thread-bound request found: Are you referring to request attributes outside of an actual web request, or processing a request outside of the originally receiving thread? If you are actually operating within a web request and still receive this message, your code is probably running outside of DispatcherServlet/DispatcherPortlet: In this case, use RequestContextListener or RequestContextFilter to expose the current request. 
2022-12-06 13:09:57.629 PM ERROR  [main] corebackend.common.LoggerService :? ====== Generate log is error, PID :6a09820b611944f7a73ca380819f0074 , ErrorMessage : No thread-bound request found: Are you referring to request attributes outside of an actual web request, or processing a request outside of the originally receiving thread? If you are actually operating within a web request and still receive this message, your code is probably running outside of DispatcherServlet/DispatcherPortlet: In this case, use RequestContextListener or RequestContextFilter to expose the current request. 
2022-12-06 13:09:57.671 PM ERROR  [main] corebackend.common.LoggerService :? ====== Generate log is error, PID :c30d16e9bcd742b68a75b426bb1173a3 , ErrorMessage : No thread-bound request found: Are you referring to request attributes outside of an actual web request, or processing a request outside of the originally receiving thread? If you are actually operating within a web request and still receive this message, your code is probably running outside of DispatcherServlet/DispatcherPortlet: In this case, use RequestContextListener or RequestContextFilter to expose the current request. 
2022-12-06 13:09:57.821 PM ERROR  [main] corebackend.common.LoggerService :? ====== Generate log is error, PID :3e4d141afaec43b5a44f37f0989e1760 , ErrorMessage : No thread-bound request found: Are you referring to request attributes outside of an actual web request, or processing a request outside of the originally receiving thread? If you are actually operating within a web request and still receive this message, your code is probably running outside of DispatcherServlet/DispatcherPortlet: In this case, use RequestContextListener or RequestContextFilter to expose the current request. 
2022-12-06 13:28:27.628 PM ERROR  [main] corebackend.common.LoggerService :? ====== Generate log is error, PID :4839742407b04e06ac2dbbe6213cf1bd , ErrorMessage : No thread-bound request found: Are you referring to request attributes outside of an actual web request, or processing a request outside of the originally receiving thread? If you are actually operating within a web request and still receive this message, your code is probably running outside of DispatcherServlet/DispatcherPortlet: In this case, use RequestContextListener or RequestContextFilter to expose the current request. 
2022-12-06 13:28:28.823 PM ERROR  [main] corebackend.common.LoggerService :? ====== Generate log is error, PID :fb3d4a276ae14e4885454b9b3f772305 , ErrorMessage : No thread-bound request found: Are you referring to request attributes outside of an actual web request, or processing a request outside of the originally receiving thread? If you are actually operating within a web request and still receive this message, your code is probably running outside of DispatcherServlet/DispatcherPortlet: In this case, use RequestContextListener or RequestContextFilter to expose the current request. 
2022-12-06 13:28:28.825 PM ERROR  [main] corebackend.common.LoggerService :? ====== Generate log is error, PID :58b5bba267eb4946b4fe06128a2f8111 , ErrorMessage : No thread-bound request found: Are you referring to request attributes outside of an actual web request, or processing a request outside of the originally receiving thread? If you are actually operating within a web request and still receive this message, your code is probably running outside of DispatcherServlet/DispatcherPortlet: In this case, use RequestContextListener or RequestContextFilter to expose the current request. 
2022-12-06 13:28:29.305 PM ERROR  [main] corebackend.common.LoggerService :? ====== Generate log is error, PID :fbeb07db2a9b40d5b47fbe10c643e943 , ErrorMessage : No thread-bound request found: Are you referring to request attributes outside of an actual web request, or processing a request outside of the originally receiving thread? If you are actually operating within a web request and still receive this message, your code is probably running outside of DispatcherServlet/DispatcherPortlet: In this case, use RequestContextListener or RequestContextFilter to expose the current request. 
2022-12-06 13:28:29.307 PM ERROR  [main] corebackend.common.LoggerService :? ====== Generate log is error, PID :4306ae89a39b45249f34e6815390f1ea , ErrorMessage : No thread-bound request found: Are you referring to request attributes outside of an actual web request, or processing a request outside of the originally receiving thread? If you are actually operating within a web request and still receive this message, your code is probably running outside of DispatcherServlet/DispatcherPortlet: In this case, use RequestContextListener or RequestContextFilter to expose the current request. 
2022-12-06 13:28:29.412 PM ERROR  [main] corebackend.common.LoggerService :? ====== Generate log is error, PID :b9fdae40ddf14ceca3a444b016248817 , ErrorMessage : No thread-bound request found: Are you referring to request attributes outside of an actual web request, or processing a request outside of the originally receiving thread? If you are actually operating within a web request and still receive this message, your code is probably running outside of DispatcherServlet/DispatcherPortlet: In this case, use RequestContextListener or RequestContextFilter to expose the current request. 
2022-12-06 13:28:29.438 PM ERROR  [main] corebackend.common.LoggerService :? ====== Generate log is error, PID :cc77eaf6a8c94348b327f01e3a3d446a , ErrorMessage : No thread-bound request found: Are you referring to request attributes outside of an actual web request, or processing a request outside of the originally receiving thread? If you are actually operating within a web request and still receive this message, your code is probably running outside of DispatcherServlet/DispatcherPortlet: In this case, use RequestContextListener or RequestContextFilter to expose the current request. 
2022-12-06 13:28:29.574 PM ERROR  [main] corebackend.common.LoggerService :? ====== Generate log is error, PID :1b4027b8d3fb438c895032fc5bb812ff , ErrorMessage : No thread-bound request found: Are you referring to request attributes outside of an actual web request, or processing a request outside of the originally receiving thread? If you are actually operating within a web request and still receive this message, your code is probably running outside of DispatcherServlet/DispatcherPortlet: In this case, use RequestContextListener or RequestContextFilter to expose the current request. 
2022-12-06 15:11:06.383 PM ERROR  [main] corebackend.common.LoggerService :? ====== Generate log is error, PID :9ab003f27a3b4cf6b82aaa920245e908 , ErrorMessage : No thread-bound request found: Are you referring to request attributes outside of an actual web request, or processing a request outside of the originally receiving thread? If you are actually operating within a web request and still receive this message, your code is probably running outside of DispatcherServlet/DispatcherPortlet: In this case, use RequestContextListener or RequestContextFilter to expose the current request. 
2022-12-06 15:11:07.260 PM ERROR  [main] corebackend.common.LoggerService :? ====== Generate log is error, PID :d68c1d1a4ddc479b8ca6b62912a5ad52 , ErrorMessage : No thread-bound request found: Are you referring to request attributes outside of an actual web request, or processing a request outside of the originally receiving thread? If you are actually operating within a web request and still receive this message, your code is probably running outside of DispatcherServlet/DispatcherPortlet: In this case, use RequestContextListener or RequestContextFilter to expose the current request. 
2022-12-06 15:11:07.261 PM ERROR  [main] corebackend.common.LoggerService :? ====== Generate log is error, PID :d22f32b0726e4bd3915dff51afb59e44 , ErrorMessage : No thread-bound request found: Are you referring to request attributes outside of an actual web request, or processing a request outside of the originally receiving thread? If you are actually operating within a web request and still receive this message, your code is probably running outside of DispatcherServlet/DispatcherPortlet: In this case, use RequestContextListener or RequestContextFilter to expose the current request. 
2022-12-06 15:11:07.593 PM ERROR  [main] corebackend.common.LoggerService :? ====== Generate log is error, PID :ebcaa6a409084b9396326b774320b0d5 , ErrorMessage : No thread-bound request found: Are you referring to request attributes outside of an actual web request, or processing a request outside of the originally receiving thread? If you are actually operating within a web request and still receive this message, your code is probably running outside of DispatcherServlet/DispatcherPortlet: In this case, use RequestContextListener or RequestContextFilter to expose the current request. 
2022-12-06 15:11:07.595 PM ERROR  [main] corebackend.common.LoggerService :? ====== Generate log is error, PID :a30aa94cae5842a1835c23092b0c2542 , ErrorMessage : No thread-bound request found: Are you referring to request attributes outside of an actual web request, or processing a request outside of the originally receiving thread? If you are actually operating within a web request and still receive this message, your code is probably running outside of DispatcherServlet/DispatcherPortlet: In this case, use RequestContextListener or RequestContextFilter to expose the current request. 
2022-12-06 15:11:07.698 PM ERROR  [main] corebackend.common.LoggerService :? ====== Generate log is error, PID :457a405b3c7045069afc346bf11469c6 , ErrorMessage : No thread-bound request found: Are you referring to request attributes outside of an actual web request, or processing a request outside of the originally receiving thread? If you are actually operating within a web request and still receive this message, your code is probably running outside of DispatcherServlet/DispatcherPortlet: In this case, use RequestContextListener or RequestContextFilter to expose the current request. 
2022-12-06 15:11:07.719 PM ERROR  [main] corebackend.common.LoggerService :? ====== Generate log is error, PID :b6d27c241e4242dea985e3994746d032 , ErrorMessage : No thread-bound request found: Are you referring to request attributes outside of an actual web request, or processing a request outside of the originally receiving thread? If you are actually operating within a web request and still receive this message, your code is probably running outside of DispatcherServlet/DispatcherPortlet: In this case, use RequestContextListener or RequestContextFilter to expose the current request. 
2022-12-06 15:11:07.807 PM ERROR  [main] corebackend.common.LoggerService :? ====== Generate log is error, PID :db53ddc289414ea59d210c40ffcfa731 , ErrorMessage : No thread-bound request found: Are you referring to request attributes outside of an actual web request, or processing a request outside of the originally receiving thread? If you are actually operating within a web request and still receive this message, your code is probably running outside of DispatcherServlet/DispatcherPortlet: In this case, use RequestContextListener or RequestContextFilter to expose the current request. 
2022-12-06 17:07:47.064 PM ERROR  [main] corebackend.common.LoggerService :? ====== Generate log is error, PID :9ec11edc14434d9dba99f881891d82c6 , ErrorMessage : No thread-bound request found: Are you referring to request attributes outside of an actual web request, or processing a request outside of the originally receiving thread? If you are actually operating within a web request and still receive this message, your code is probably running outside of DispatcherServlet/DispatcherPortlet: In this case, use RequestContextListener or RequestContextFilter to expose the current request. 
2022-12-06 17:07:47.965 PM ERROR  [main] corebackend.common.LoggerService :? ====== Generate log is error, PID :3d13084c4d534cd5aa684748dddae764 , ErrorMessage : No thread-bound request found: Are you referring to request attributes outside of an actual web request, or processing a request outside of the originally receiving thread? If you are actually operating within a web request and still receive this message, your code is probably running outside of DispatcherServlet/DispatcherPortlet: In this case, use RequestContextListener or RequestContextFilter to expose the current request. 
2022-12-06 17:07:47.967 PM ERROR  [main] corebackend.common.LoggerService :? ====== Generate log is error, PID :94c3ee32431a48e78de4486b91e35e4c , ErrorMessage : No thread-bound request found: Are you referring to request attributes outside of an actual web request, or processing a request outside of the originally receiving thread? If you are actually operating within a web request and still receive this message, your code is probably running outside of DispatcherServlet/DispatcherPortlet: In this case, use RequestContextListener or RequestContextFilter to expose the current request. 
2022-12-06 17:07:48.352 PM ERROR  [main] corebackend.common.LoggerService :? ====== Generate log is error, PID :b5868c2ed21e41468a60ffe8b0720246 , ErrorMessage : No thread-bound request found: Are you referring to request attributes outside of an actual web request, or processing a request outside of the originally receiving thread? If you are actually operating within a web request and still receive this message, your code is probably running outside of DispatcherServlet/DispatcherPortlet: In this case, use RequestContextListener or RequestContextFilter to expose the current request. 
2022-12-06 17:07:48.354 PM ERROR  [main] corebackend.common.LoggerService :? ====== Generate log is error, PID :08e0a775ad3f40f5bc8d8d2b6c8db587 , ErrorMessage : No thread-bound request found: Are you referring to request attributes outside of an actual web request, or processing a request outside of the originally receiving thread? If you are actually operating within a web request and still receive this message, your code is probably running outside of DispatcherServlet/DispatcherPortlet: In this case, use RequestContextListener or RequestContextFilter to expose the current request. 
2022-12-06 17:07:48.428 PM ERROR  [main] corebackend.common.LoggerService :? ====== Generate log is error, PID :5345cb1edd5741f89630f00f9beef375 , ErrorMessage : No thread-bound request found: Are you referring to request attributes outside of an actual web request, or processing a request outside of the originally receiving thread? If you are actually operating within a web request and still receive this message, your code is probably running outside of DispatcherServlet/DispatcherPortlet: In this case, use RequestContextListener or RequestContextFilter to expose the current request. 
2022-12-06 17:07:48.452 PM ERROR  [main] corebackend.common.LoggerService :? ====== Generate log is error, PID :7e7b919626704a7f8ac2948c34d15f8d , ErrorMessage : No thread-bound request found: Are you referring to request attributes outside of an actual web request, or processing a request outside of the originally receiving thread? If you are actually operating within a web request and still receive this message, your code is probably running outside of DispatcherServlet/DispatcherPortlet: In this case, use RequestContextListener or RequestContextFilter to expose the current request. 
2022-12-06 17:07:48.540 PM ERROR  [main] corebackend.common.LoggerService :? ====== Generate log is error, PID :3364ce5b179f4116b267dcc105b8da1e , ErrorMessage : No thread-bound request found: Are you referring to request attributes outside of an actual web request, or processing a request outside of the originally receiving thread? If you are actually operating within a web request and still receive this message, your code is probably running outside of DispatcherServlet/DispatcherPortlet: In this case, use RequestContextListener or RequestContextFilter to expose the current request. 
